0 info it worked if it ends with ok
1 verbose cli [ '/usr/bin/nodejs', '/usr/bin/npm', 'install', 'postgres' ]
2 info using npm@4.1.2
3 info using node@v7.7.2
4 silly loadCurrentTree Starting
5 silly install loadCurrentTree
6 silly install readLocalPackageData
7 silly fetchPackageMetaData postgres
8 silly fetchNamedPackageData postgres
9 silly mapToRegistry name postgres
10 silly mapToRegistry using default registry
11 silly mapToRegistry registry https://registry.npmjs.org/
12 silly mapToRegistry data Result {
12 silly mapToRegistry   raw: 'postgres',
12 silly mapToRegistry   scope: null,
12 silly mapToRegistry   escapedName: 'postgres',
12 silly mapToRegistry   name: 'postgres',
12 silly mapToRegistry   rawSpec: '',
12 silly mapToRegistry   spec: 'latest',
12 silly mapToRegistry   type: 'tag' }
13 silly mapToRegistry uri https://registry.npmjs.org/postgres
14 verbose request uri https://registry.npmjs.org/postgres
15 verbose request no auth needed
16 info attempt registry request try #1 at 12:57:39 PM
17 verbose request id 04e3d2da8c0077cb
18 http request GET https://registry.npmjs.org/postgres
19 http 200 https://registry.npmjs.org/postgres
20 verbose headers { server: 'nginx/1.10.1',
20 verbose headers   'content-type': 'application/json',
20 verbose headers   'last-modified': 'Tue, 29 Sep 2009 17:21:33 GMT',
20 verbose headers   etag: 'W/"4ac2421d-304"',
20 verbose headers   'content-encoding': 'gzip',
20 verbose headers   'cache-control': 'max-age=300',
20 verbose headers   'content-length': '417',
20 verbose headers   'accept-ranges': 'bytes',
20 verbose headers   date: 'Fri, 24 Mar 2017 07:27:41 GMT',
20 verbose headers   via: '1.1 varnish',
20 verbose headers   age: '0',
20 verbose headers   connection: 'keep-alive',
20 verbose headers   'x-served-by': 'cache-ams4437-AMS',
20 verbose headers   'x-cache': 'MISS',
20 verbose headers   'x-cache-hits': '0',
20 verbose headers   'x-timer': 'S1490340461.009064,VS0,VE19',
20 verbose headers   vary: 'Accept-Encoding' }
21 silly get cb [ 200,
21 silly get   { server: 'nginx/1.10.1',
21 silly get     'content-type': 'application/json',
21 silly get     'last-modified': 'Tue, 29 Sep 2009 17:21:33 GMT',
21 silly get     etag: 'W/"4ac2421d-304"',
21 silly get     'content-encoding': 'gzip',
21 silly get     'cache-control': 'max-age=300',
21 silly get     'content-length': '417',
21 silly get     'accept-ranges': 'bytes',
21 silly get     date: 'Fri, 24 Mar 2017 07:27:41 GMT',
21 silly get     via: '1.1 varnish',
21 silly get     age: '0',
21 silly get     connection: 'keep-alive',
21 silly get     'x-served-by': 'cache-ams4437-AMS',
21 silly get     'x-cache': 'MISS',
21 silly get     'x-cache-hits': '0',
21 silly get     'x-timer': 'S1490340461.009064,VS0,VE19',
21 silly get     vary: 'Accept-Encoding' } ]
22 verbose get saving postgres to /home/bhavya/.npm/registry.npmjs.org/postgres/.cache.json
23 verbose correctMkdir /home/bhavya/.npm correctMkdir not in flight; initializing
24 silly install normalizeTree
25 silly loadCurrentTree Finishing
26 silly loadIdealTree Starting
27 silly install loadIdealTree
28 silly cloneCurrentTree Starting
29 silly install cloneCurrentTreeToIdealTree
30 silly cloneCurrentTree Finishing
31 silly loadShrinkwrap Starting
32 silly install loadShrinkwrap
33 silly loadShrinkwrap Finishing
34 silly loadAllDepsIntoIdealTree Starting
35 silly install loadAllDepsIntoIdealTree
36 silly resolveWithNewModule postgres@0.0.1 checking installable status
37 silly cache add args [ 'postgres', null ]
38 verbose cache add spec postgres
39 silly cache add parsed spec Result {
39 silly cache add   raw: 'postgres',
39 silly cache add   scope: null,
39 silly cache add   escapedName: 'postgres',
39 silly cache add   name: 'postgres',
39 silly cache add   rawSpec: '',
39 silly cache add   spec: 'latest',
39 silly cache add   type: 'tag' }
40 silly addNamed postgres@latest
41 verbose addNamed "latest" is being treated as a dist-tag for postgres
42 info addNameTag [ 'postgres', 'latest' ]
43 silly mapToRegistry name postgres
44 silly mapToRegistry using default registry
45 silly mapToRegistry registry https://registry.npmjs.org/
46 silly mapToRegistry data Result {
46 silly mapToRegistry   raw: 'postgres',
46 silly mapToRegistry   scope: null,
46 silly mapToRegistry   escapedName: 'postgres',
46 silly mapToRegistry   name: 'postgres',
46 silly mapToRegistry   rawSpec: '',
46 silly mapToRegistry   spec: 'latest',
46 silly mapToRegistry   type: 'tag' }
47 silly mapToRegistry uri https://registry.npmjs.org/postgres
48 verbose addNameTag registry:https://registry.npmjs.org/postgres not in flight; fetching
49 verbose get https://registry.npmjs.org/postgres not expired, no request
50 silly addNameTag next cb for postgres with tag latest
51 silly addNamed postgres@0.0.1
52 verbose addNamed "0.0.1" is a plain semver version for postgres
53 silly mapToRegistry name postgres
54 silly mapToRegistry using default registry
55 silly mapToRegistry registry https://registry.npmjs.org/
56 silly mapToRegistry data Result {
56 silly mapToRegistry   raw: 'postgres',
56 silly mapToRegistry   scope: null,
56 silly mapToRegistry   escapedName: 'postgres',
56 silly mapToRegistry   name: 'postgres',
56 silly mapToRegistry   rawSpec: '',
56 silly mapToRegistry   spec: 'latest',
56 silly mapToRegistry   type: 'tag' }
57 silly mapToRegistry uri https://registry.npmjs.org/postgres
58 verbose addRemoteTarball https://registry.npmjs.org/postgres/-/postgres-0.0.1.tgz not in flight; adding
59 verbose addRemoteTarball [ 'https://registry.npmjs.org/postgres/-/postgres-0.0.1.tgz',
59 verbose addRemoteTarball   '93aecd0a7fcf620792bcc2c87a2ead432adaa833' ]
60 info retry fetch attempt 1 at 12:57:41 PM
61 info attempt registry request try #1 at 12:57:41 PM
62 http fetch GET https://registry.npmjs.org/postgres/-/postgres-0.0.1.tgz
63 http fetch 200 https://registry.npmjs.org/postgres/-/postgres-0.0.1.tgz
64 silly fetchAndShaCheck shasum 93aecd0a7fcf620792bcc2c87a2ead432adaa833
65 verbose addTmpTarball /tmp/npm-6824-b29d4c19/registry.npmjs.org/postgres/-/postgres-0.0.1.tgz not in flight; adding
66 verbose addTmpTarball already have metadata; skipping unpack for postgres@0.0.1
67 verbose correctMkdir /home/bhavya/.npm correctMkdir not in flight; initializing
68 silly cache afterAdd postgres@0.0.1
69 verbose afterAdd /home/bhavya/.npm/postgres/0.0.1/package/package.json not in flight; writing
70 verbose correctMkdir /home/bhavya/.npm correctMkdir not in flight; initializing
71 verbose afterAdd /home/bhavya/.npm/postgres/0.0.1/package/package.json written
72 silly loadAllDepsIntoIdealTree Finishing
73 silly loadIdealTree Finishing
74 silly currentTree coding-blocks-assignments-tool@1.0.0
74 silly currentTree +-- abbrev@1.1.0
74 silly currentTree +-- accepts@1.3.3
74 silly currentTree +-- align-text@0.1.4
74 silly currentTree +-- amdefine@1.0.1
74 silly currentTree +-- ap@0.2.0
74 silly currentTree +-- array-flatten@1.1.1
74 silly currentTree +-- async@1.5.2
74 silly currentTree +-- balanced-match@0.4.2
74 silly currentTree +-- bignumber.js@3.1.2
74 silly currentTree +-- bluebird@3.5.0
74 silly currentTree +-- body-parser@1.17.1
74 silly currentTree +-- brace-expansion@1.1.6
74 silly currentTree +-- buffer-shims@1.0.0
74 silly currentTree +-- buffer-writer@1.0.1
74 silly currentTree +-- bytes@2.4.0
74 silly currentTree +-- camelcase@1.2.1
74 silly currentTree +-- center-align@0.1.3
74 silly currentTree +-- cliui@2.1.0
74 silly currentTree | `-- wordwrap@0.0.2
74 silly currentTree +-- commander@2.9.0
74 silly currentTree +-- concat-map@0.0.1
74 silly currentTree +-- config-chain@1.1.11
74 silly currentTree +-- content-disposition@0.5.2
74 silly currentTree +-- content-type@1.0.2
74 silly currentTree +-- cookie-signature@1.0.6
74 silly currentTree +-- cookie@0.3.1
74 silly currentTree +-- core-util-is@1.0.2
74 silly currentTree +-- cross-env@3.2.4
74 silly currentTree +-- cross-spawn@5.1.0
74 silly currentTree | `-- lru-cache@4.0.2
74 silly currentTree +-- debug@2.6.1
74 silly currentTree +-- decamelize@1.2.0
74 silly currentTree +-- depd@1.1.0
74 silly currentTree +-- destroy@1.0.4
74 silly currentTree +-- dottie@1.1.1
74 silly currentTree +-- editorconfig@0.13.2
74 silly currentTree +-- ee-first@1.1.1
74 silly currentTree +-- encodeurl@1.0.1
74 silly currentTree +-- escape-html@1.0.3
74 silly currentTree +-- etag@1.8.0
74 silly currentTree +-- express-hbs@1.0.4
74 silly currentTree +-- express@4.15.2
74 silly currentTree +-- finalhandler@1.0.0
74 silly currentTree +-- forwarded@0.1.0
74 silly currentTree +-- fresh@0.5.0
74 silly currentTree +-- generic-pool@2.4.2
74 silly currentTree +-- graceful-fs@4.1.11
74 silly currentTree +-- graceful-readlink@1.0.1
74 silly currentTree +-- handlebars@4.0.6
74 silly currentTree +-- http-errors@1.6.1
74 silly currentTree +-- iconv-lite@0.4.15
74 silly currentTree +-- inflection@1.12.0
74 silly currentTree +-- inherits@2.0.3
74 silly currentTree +-- ini@1.3.4
74 silly currentTree +-- ipaddr.js@1.2.0
74 silly currentTree +-- is-buffer@1.1.5
74 silly currentTree +-- is-windows@1.0.0
74 silly currentTree +-- isarray@1.0.0
74 silly currentTree +-- isexe@1.1.2
74 silly currentTree +-- js-beautify@1.6.8
74 silly currentTree +-- kind-of@3.1.0
74 silly currentTree +-- lazy-cache@1.0.4
74 silly currentTree +-- lodash@4.12.0
74 silly currentTree +-- longest@1.0.1
74 silly currentTree +-- lru-cache@3.2.0
74 silly currentTree +-- media-typer@0.3.0
74 silly currentTree +-- merge-descriptors@1.0.1
74 silly currentTree +-- methods@1.1.2
74 silly currentTree +-- mime-db@1.26.0
74 silly currentTree +-- mime-types@2.1.14
74 silly currentTree +-- mime@1.3.4
74 silly currentTree +-- minimatch@3.0.3
74 silly currentTree +-- minimist@0.0.10
74 silly currentTree +-- mkdirp@0.5.1
74 silly currentTree | `-- minimist@0.0.8
74 silly currentTree +-- moment-timezone@0.5.11
74 silly currentTree +-- moment@2.17.1
74 silly currentTree +-- ms@0.7.2
74 silly currentTree +-- mysql@2.13.0
74 silly currentTree | +-- isarray@0.0.1
74 silly currentTree | `-- readable-stream@1.1.14
74 silly currentTree +-- negotiator@0.6.1
74 silly currentTree +-- nopt@3.0.6
74 silly currentTree +-- object-assign@4.1.0
74 silly currentTree +-- on-finished@2.3.0
74 silly currentTree +-- optimist@0.6.1
74 silly currentTree +-- packet-reader@0.2.0
74 silly currentTree +-- parseurl@1.3.1
74 silly currentTree +-- path-to-regexp@0.1.7
74 silly currentTree +-- path@0.12.7
74 silly currentTree +-- pg-connection-string@0.1.3
74 silly currentTree +-- pg-pool@1.6.0
74 silly currentTree +-- pg-types@1.11.0
74 silly currentTree +-- pg@6.1.4
74 silly currentTree | `-- semver@4.3.2
74 silly currentTree +-- pgpass@1.0.1
74 silly currentTree +-- postgres-array@1.0.2
74 silly currentTree +-- postgres-bytea@1.0.0
74 silly currentTree +-- postgres-date@1.0.3
74 silly currentTree +-- postgres-interval@1.0.2
74 silly currentTree +-- process-nextick-args@1.0.7
74 silly currentTree +-- process@0.11.9
74 silly currentTree +-- proto-list@1.2.4
74 silly currentTree +-- proxy-addr@1.1.3
74 silly currentTree +-- pseudomap@1.0.2
74 silly currentTree +-- qs@6.4.0
74 silly currentTree +-- range-parser@1.2.0
74 silly currentTree +-- raw-body@2.2.0
74 silly currentTree +-- readable-stream@2.2.6
74 silly currentTree +-- readdirp@2.1.0
74 silly currentTree +-- repeat-string@1.6.1
74 silly currentTree +-- retry-as-promised@2.2.0
74 silly currentTree +-- right-align@0.1.3
74 silly currentTree +-- semver@5.3.0
74 silly currentTree +-- send@0.15.1
74 silly currentTree +-- sequelize@3.30.2
74 silly currentTree +-- serve-static@1.12.1
74 silly currentTree +-- set-immediate-shim@1.0.1
74 silly currentTree +-- setprototypeof@1.0.3
74 silly currentTree +-- shebang-command@1.2.0
74 silly currentTree +-- shebang-regex@1.0.0
74 silly currentTree +-- shimmer@1.1.0
74 silly currentTree +-- sigmund@1.0.1
74 silly currentTree +-- source-map@0.4.4
74 silly currentTree +-- split@1.0.0
74 silly currentTree +-- sqlstring@2.2.0
74 silly currentTree +-- statuses@1.3.1
74 silly currentTree +-- string_decoder@0.10.31
74 silly currentTree +-- terraformer-wkt-parser@1.1.2
74 silly currentTree +-- terraformer@1.0.7
74 silly currentTree +-- through@2.3.8
74 silly currentTree +-- toposort-class@1.0.1
74 silly currentTree +-- type-is@1.6.14
74 silly currentTree +-- uglify-js@2.8.14
74 silly currentTree | `-- source-map@0.5.6
74 silly currentTree +-- uglify-to-browserify@1.0.2
74 silly currentTree +-- unpipe@1.0.0
74 silly currentTree +-- util-deprecate@1.0.2
74 silly currentTree +-- util@0.10.3
74 silly currentTree | `-- inherits@2.0.1
74 silly currentTree +-- utils-merge@1.0.0
74 silly currentTree +-- uuid@3.0.1
74 silly currentTree +-- validator@5.7.0
74 silly currentTree +-- vary@1.1.0
74 silly currentTree +-- which@1.2.12
74 silly currentTree +-- window-size@0.1.0
74 silly currentTree +-- wkx@0.2.0
74 silly currentTree +-- wordwrap@0.0.3
74 silly currentTree +-- xtend@4.0.1
74 silly currentTree +-- yallist@2.1.2
74 silly currentTree `-- yargs@3.10.0
75 silly idealTree coding-blocks-assignments-tool@1.0.0
75 silly idealTree +-- abbrev@1.1.0
75 silly idealTree +-- accepts@1.3.3
75 silly idealTree +-- align-text@0.1.4
75 silly idealTree +-- amdefine@1.0.1
75 silly idealTree +-- ap@0.2.0
75 silly idealTree +-- array-flatten@1.1.1
75 silly idealTree +-- async@1.5.2
75 silly idealTree +-- balanced-match@0.4.2
75 silly idealTree +-- bignumber.js@3.1.2
75 silly idealTree +-- bluebird@3.5.0
75 silly idealTree +-- body-parser@1.17.1
75 silly idealTree +-- brace-expansion@1.1.6
75 silly idealTree +-- buffer-shims@1.0.0
75 silly idealTree +-- buffer-writer@1.0.1
75 silly idealTree +-- bytes@2.4.0
75 silly idealTree +-- camelcase@1.2.1
75 silly idealTree +-- center-align@0.1.3
75 silly idealTree +-- cliui@2.1.0
75 silly idealTree | `-- wordwrap@0.0.2
75 silly idealTree +-- commander@2.9.0
75 silly idealTree +-- concat-map@0.0.1
75 silly idealTree +-- config-chain@1.1.11
75 silly idealTree +-- content-disposition@0.5.2
75 silly idealTree +-- content-type@1.0.2
75 silly idealTree +-- cookie-signature@1.0.6
75 silly idealTree +-- cookie@0.3.1
75 silly idealTree +-- core-util-is@1.0.2
75 silly idealTree +-- cross-env@3.2.4
75 silly idealTree +-- cross-spawn@5.1.0
75 silly idealTree | `-- lru-cache@4.0.2
75 silly idealTree +-- debug@2.6.1
75 silly idealTree +-- decamelize@1.2.0
75 silly idealTree +-- depd@1.1.0
75 silly idealTree +-- destroy@1.0.4
75 silly idealTree +-- dottie@1.1.1
75 silly idealTree +-- editorconfig@0.13.2
75 silly idealTree +-- ee-first@1.1.1
75 silly idealTree +-- encodeurl@1.0.1
75 silly idealTree +-- escape-html@1.0.3
75 silly idealTree +-- etag@1.8.0
75 silly idealTree +-- express-hbs@1.0.4
75 silly idealTree +-- express@4.15.2
75 silly idealTree +-- finalhandler@1.0.0
75 silly idealTree +-- forwarded@0.1.0
75 silly idealTree +-- fresh@0.5.0
75 silly idealTree +-- generic-pool@2.4.2
75 silly idealTree +-- graceful-fs@4.1.11
75 silly idealTree +-- graceful-readlink@1.0.1
75 silly idealTree +-- handlebars@4.0.6
75 silly idealTree +-- http-errors@1.6.1
75 silly idealTree +-- iconv-lite@0.4.15
75 silly idealTree +-- inflection@1.12.0
75 silly idealTree +-- inherits@2.0.3
75 silly idealTree +-- ini@1.3.4
75 silly idealTree +-- ipaddr.js@1.2.0
75 silly idealTree +-- is-buffer@1.1.5
75 silly idealTree +-- is-windows@1.0.0
75 silly idealTree +-- isarray@1.0.0
75 silly idealTree +-- isexe@1.1.2
75 silly idealTree +-- js-beautify@1.6.8
75 silly idealTree +-- kind-of@3.1.0
75 silly idealTree +-- lazy-cache@1.0.4
75 silly idealTree +-- lodash@4.12.0
75 silly idealTree +-- longest@1.0.1
75 silly idealTree +-- lru-cache@3.2.0
75 silly idealTree +-- media-typer@0.3.0
75 silly idealTree +-- merge-descriptors@1.0.1
75 silly idealTree +-- methods@1.1.2
75 silly idealTree +-- mime-db@1.26.0
75 silly idealTree +-- mime-types@2.1.14
75 silly idealTree +-- mime@1.3.4
75 silly idealTree +-- minimatch@3.0.3
75 silly idealTree +-- minimist@0.0.10
75 silly idealTree +-- mkdirp@0.5.1
75 silly idealTree | `-- minimist@0.0.8
75 silly idealTree +-- moment-timezone@0.5.11
75 silly idealTree +-- moment@2.17.1
75 silly idealTree +-- ms@0.7.2
75 silly idealTree +-- mysql@2.13.0
75 silly idealTree | +-- isarray@0.0.1
75 silly idealTree | `-- readable-stream@1.1.14
75 silly idealTree +-- negotiator@0.6.1
75 silly idealTree +-- nopt@3.0.6
75 silly idealTree +-- object-assign@4.1.0
75 silly idealTree +-- on-finished@2.3.0
75 silly idealTree +-- optimist@0.6.1
75 silly idealTree +-- packet-reader@0.2.0
75 silly idealTree +-- parseurl@1.3.1
75 silly idealTree +-- path-to-regexp@0.1.7
75 silly idealTree +-- path@0.12.7
75 silly idealTree +-- pg-connection-string@0.1.3
75 silly idealTree +-- pg-pool@1.6.0
75 silly idealTree +-- pg-types@1.11.0
75 silly idealTree +-- pg@6.1.4
75 silly idealTree | `-- semver@4.3.2
75 silly idealTree +-- pgpass@1.0.1
75 silly idealTree +-- postgres-array@1.0.2
75 silly idealTree +-- postgres-bytea@1.0.0
75 silly idealTree +-- postgres-date@1.0.3
75 silly idealTree +-- postgres-interval@1.0.2
75 silly idealTree +-- postgres@0.0.1
75 silly idealTree +-- process-nextick-args@1.0.7
75 silly idealTree +-- process@0.11.9
75 silly idealTree +-- proto-list@1.2.4
75 silly idealTree +-- proxy-addr@1.1.3
75 silly idealTree +-- pseudomap@1.0.2
75 silly idealTree +-- qs@6.4.0
75 silly idealTree +-- range-parser@1.2.0
75 silly idealTree +-- raw-body@2.2.0
75 silly idealTree +-- readable-stream@2.2.6
75 silly idealTree +-- readdirp@2.1.0
75 silly idealTree +-- repeat-string@1.6.1
75 silly idealTree +-- retry-as-promised@2.2.0
75 silly idealTree +-- right-align@0.1.3
75 silly idealTree +-- semver@5.3.0
75 silly idealTree +-- send@0.15.1
75 silly idealTree +-- sequelize@3.30.2
75 silly idealTree +-- serve-static@1.12.1
75 silly idealTree +-- set-immediate-shim@1.0.1
75 silly idealTree +-- setprototypeof@1.0.3
75 silly idealTree +-- shebang-command@1.2.0
75 silly idealTree +-- shebang-regex@1.0.0
75 silly idealTree +-- shimmer@1.1.0
75 silly idealTree +-- sigmund@1.0.1
75 silly idealTree +-- source-map@0.4.4
75 silly idealTree +-- split@1.0.0
75 silly idealTree +-- sqlstring@2.2.0
75 silly idealTree +-- statuses@1.3.1
75 silly idealTree +-- string_decoder@0.10.31
75 silly idealTree +-- terraformer-wkt-parser@1.1.2
75 silly idealTree +-- terraformer@1.0.7
75 silly idealTree +-- through@2.3.8
75 silly idealTree +-- toposort-class@1.0.1
75 silly idealTree +-- type-is@1.6.14
75 silly idealTree +-- uglify-js@2.8.14
75 silly idealTree | `-- source-map@0.5.6
75 silly idealTree +-- uglify-to-browserify@1.0.2
75 silly idealTree +-- unpipe@1.0.0
75 silly idealTree +-- util-deprecate@1.0.2
75 silly idealTree +-- util@0.10.3
75 silly idealTree | `-- inherits@2.0.1
75 silly idealTree +-- utils-merge@1.0.0
75 silly idealTree +-- uuid@3.0.1
75 silly idealTree +-- validator@5.7.0
75 silly idealTree +-- vary@1.1.0
75 silly idealTree +-- which@1.2.12
75 silly idealTree +-- window-size@0.1.0
75 silly idealTree +-- wkx@0.2.0
75 silly idealTree +-- wordwrap@0.0.3
75 silly idealTree +-- xtend@4.0.1
75 silly idealTree +-- yallist@2.1.2
75 silly idealTree `-- yargs@3.10.0
76 silly generateActionsToTake Starting
77 silly install generateActionsToTake
78 silly generateActionsToTake Finishing
79 silly diffTrees action count 1
80 silly diffTrees add postgres@0.0.1
81 silly decomposeActions action count 8
82 silly decomposeActions fetch postgres@0.0.1
83 silly decomposeActions extract postgres@0.0.1
84 silly decomposeActions test postgres@0.0.1
85 silly decomposeActions preinstall postgres@0.0.1
86 silly decomposeActions build postgres@0.0.1
87 silly decomposeActions install postgres@0.0.1
88 silly decomposeActions postinstall postgres@0.0.1
89 silly decomposeActions finalize postgres@0.0.1
90 silly runTopLevelLifecycles Starting
91 silly executeActions Starting
92 silly install executeActions
93 silly doSerial global-install 0
94 silly doParallel fetch 1
95 verbose correctMkdir /home/bhavya/.npm/_locks correctMkdir not in flight; initializing
96 verbose lock using /home/bhavya/.npm/_locks/staging-ac6611d3b7181af8.lock for /home/bhavya/Main/Work/WebD/Coding-Blocks/Assignment Tools/node_modules/.staging
97 silly doParallel extract 1
98 silly extract postgres@0.0.1
99 verbose unbuild node_modules/.staging/postgres-e3f43fba
100 silly gentlyRm /home/bhavya/Main/Work/WebD/Coding-Blocks/Assignment Tools/node_modules/.staging/postgres-e3f43fba is being purged from base /home/bhavya/Main/Work/WebD/Coding-Blocks/Assignment Tools
101 verbose gentlyRm don't care about contents; nuking /home/bhavya/Main/Work/WebD/Coding-Blocks/Assignment Tools/node_modules/.staging/postgres-e3f43fba
102 verbose tar unpack /home/bhavya/.npm/postgres/0.0.1/package.tgz
103 verbose tar unpacking to /home/bhavya/Main/Work/WebD/Coding-Blocks/Assignment Tools/node_modules/.staging/postgres-e3f43fba
104 silly gentlyRm /home/bhavya/Main/Work/WebD/Coding-Blocks/Assignment Tools/node_modules/.staging/postgres-e3f43fba is being purged
105 verbose gentlyRm don't care about contents; nuking /home/bhavya/Main/Work/WebD/Coding-Blocks/Assignment Tools/node_modules/.staging/postgres-e3f43fba
106 silly gunzTarPerm modes [ '775', '664' ]
107 silly gunzTarPerm extractEntry
108 silly gunzTarPerm modified mode [ '', 493, 509 ]
109 silly gunzTarPerm extractEntry .gitignore
110 silly gunzTarPerm modified mode [ '.gitignore', 420, 436 ]
111 silly gunzTarPerm extractEntry ._.npmignore
112 silly gunzTarPerm modified mode [ '._.npmignore', 420, 436 ]
113 silly gunzTarPerm extractEntry .npmignore
114 silly gunzTarPerm modified mode [ '.npmignore', 420, 436 ]
115 silly gunzTarPerm extractEntry binding.cc
116 silly gunzTarPerm modified mode [ 'binding.cc', 420, 436 ]
117 silly gunzTarPerm extractEntry LICENSE-MIT
118 silly gunzTarPerm modified mode [ 'LICENSE-MIT', 420, 436 ]
119 silly gunzTarPerm extractEntry ._package.json
120 silly gunzTarPerm modified mode [ '._package.json', 420, 436 ]
121 silly gunzTarPerm extractEntry package.json
122 silly gunzTarPerm modified mode [ 'package.json', 420, 436 ]
123 silly gunzTarPerm extractEntry postgres.js
124 silly gunzTarPerm modified mode [ 'postgres.js', 420, 436 ]
125 silly gunzTarPerm extractEntry README
126 silly gunzTarPerm modified mode [ 'README', 420, 436 ]
127 silly gunzTarPerm extractEntry test.js
128 silly gunzTarPerm modified mode [ 'test.js', 420, 436 ]
129 silly gunzTarPerm extractEntry type-oids.h
130 silly gunzTarPerm modified mode [ 'type-oids.h', 420, 436 ]
131 silly gunzTarPerm extractEntry wscript
132 silly gunzTarPerm modified mode [ 'wscript', 420, 436 ]
133 silly gentlyRm /home/bhavya/Main/Work/WebD/Coding-Blocks/Assignment Tools/node_modules/.staging/postgres-e3f43fba/node_modules is being purged
134 verbose gentlyRm don't care about contents; nuking /home/bhavya/Main/Work/WebD/Coding-Blocks/Assignment Tools/node_modules/.staging/postgres-e3f43fba/node_modules
135 silly doParallel preinstall 1
136 silly preinstall postgres@0.0.1
137 info lifecycle postgres@0.0.1~preinstall: postgres@0.0.1
138 silly lifecycle postgres@0.0.1~preinstall: no script for preinstall, continuing
139 silly doReverseSerial remove 0
140 silly doSerial move 0
141 silly doSerial finalize 1
142 silly finalize /home/bhavya/Main/Work/WebD/Coding-Blocks/Assignment Tools/node_modules/postgres
143 silly doSerial build 1
144 silly build postgres@0.0.1
145 info linkStuff postgres@0.0.1
146 silly linkStuff postgres@0.0.1 has /home/bhavya/Main/Work/WebD/Coding-Blocks/Assignment Tools/node_modules as its parent node_modules
147 verbose linkBins postgres@0.0.1
148 verbose linkMans postgres@0.0.1
149 silly doSerial global-link 0
150 silly doParallel update-linked 0
151 silly doSerial install 1
152 silly install postgres@0.0.1
153 info lifecycle postgres@0.0.1~install: postgres@0.0.1
154 verbose lifecycle postgres@0.0.1~install: unsafe-perm in lifecycle true
155 verbose lifecycle postgres@0.0.1~install: PATH: /usr/lib/node_modules/npm/bin/node-gyp-bin:/home/bhavya/Main/Work/WebD/Coding-Blocks/Assignment Tools/node_modules/postgres/node_modules/.bin:/home/bhavya/Main/Work/WebD/Coding-Blocks/Assignment Tools/node_modules/.bin:/home/bhavya/bin:/home/bhavya/.local/bin:/home/bhavya/bin:/home/bhavya/.local/bin:/usr/local/sbin:/usr/local/bin:/usr/sbin:/usr/bin:/sbin:/bin:/usr/games:/usr/local/games:/snap/bin:/usr/lib/jvm/java-8-oracle/bin:/usr/lib/jvm/java-8-oracle/db/bin:/usr/lib/jvm/java-8-oracle/jre/bin:/snap/bin:/usr/lib/jvm/java-8-oracle/bin:/usr/lib/jvm/java-8-oracle/db/bin:/usr/lib/jvm/java-8-oracle/jre/bin
156 verbose lifecycle postgres@0.0.1~install: CWD: /home/bhavya/Main/Work/WebD/Coding-Blocks/Assignment Tools/node_modules/postgres
157 silly lifecycle postgres@0.0.1~install: Args: [ '-c', 'node-waf configure build' ]
158 info lifecycle postgres@0.0.1~install: Failed to exec install script
159 verbose unlock done using /home/bhavya/.npm/_locks/staging-ac6611d3b7181af8.lock for /home/bhavya/Main/Work/WebD/Coding-Blocks/Assignment Tools/node_modules/.staging
160 silly rollbackFailedOptional Starting
161 silly gentlyRm /home/bhavya/Main/Work/WebD/Coding-Blocks/Assignment Tools/node_modules/postgres is being purged from base /home/bhavya/Main/Work/WebD/Coding-Blocks/Assignment Tools
162 verbose gentlyRm don't care about contents; nuking /home/bhavya/Main/Work/WebD/Coding-Blocks/Assignment Tools/node_modules/postgres
163 silly gentlyRm /home/bhavya/Main/Work/WebD/Coding-Blocks/Assignment Tools/node_modules/postgres is being purged from base /home/bhavya/Main/Work/WebD/Coding-Blocks/Assignment Tools
164 verbose gentlyRm don't care about contents; nuking /home/bhavya/Main/Work/WebD/Coding-Blocks/Assignment Tools/node_modules/postgres
165 silly gentlyRm /home/bhavya/Main/Work/WebD/Coding-Blocks/Assignment Tools/node_modules/postgres is being purged from base /home/bhavya/Main/Work/WebD/Coding-Blocks/Assignment Tools
166 verbose gentlyRm don't care about contents; nuking /home/bhavya/Main/Work/WebD/Coding-Blocks/Assignment Tools/node_modules/postgres
167 silly gentlyRm /home/bhavya/Main/Work/WebD/Coding-Blocks/Assignment Tools/node_modules/postgres is being purged from base /home/bhavya/Main/Work/WebD/Coding-Blocks/Assignment Tools
168 verbose gentlyRm don't care about contents; nuking /home/bhavya/Main/Work/WebD/Coding-Blocks/Assignment Tools/node_modules/postgres
169 silly gentlyRm /home/bhavya/Main/Work/WebD/Coding-Blocks/Assignment Tools/node_modules/postgres is being purged from base /home/bhavya/Main/Work/WebD/Coding-Blocks/Assignment Tools
170 verbose gentlyRm don't care about contents; nuking /home/bhavya/Main/Work/WebD/Coding-Blocks/Assignment Tools/node_modules/postgres
171 silly gentlyRm /home/bhavya/Main/Work/WebD/Coding-Blocks/Assignment Tools/node_modules/postgres is being purged from base /home/bhavya/Main/Work/WebD/Coding-Blocks/Assignment Tools
172 verbose gentlyRm don't care about contents; nuking /home/bhavya/Main/Work/WebD/Coding-Blocks/Assignment Tools/node_modules/postgres
173 silly gentlyRm /home/bhavya/Main/Work/WebD/Coding-Blocks/Assignment Tools/node_modules/postgres is being purged from base /home/bhavya/Main/Work/WebD/Coding-Blocks/Assignment Tools
174 verbose gentlyRm don't care about contents; nuking /home/bhavya/Main/Work/WebD/Coding-Blocks/Assignment Tools/node_modules/postgres
175 silly gentlyRm /home/bhavya/Main/Work/WebD/Coding-Blocks/Assignment Tools/node_modules/postgres is being purged from base /home/bhavya/Main/Work/WebD/Coding-Blocks/Assignment Tools
176 verbose gentlyRm don't care about contents; nuking /home/bhavya/Main/Work/WebD/Coding-Blocks/Assignment Tools/node_modules/postgres
177 silly vacuum-fs purging /home/bhavya/Main/Work/WebD/Coding-Blocks/Assignment Tools/node_modules/postgres
178 silly vacuum-fs purging /home/bhavya/Main/Work/WebD/Coding-Blocks/Assignment Tools/node_modules/postgres
179 silly vacuum-fs purging /home/bhavya/Main/Work/WebD/Coding-Blocks/Assignment Tools/node_modules/postgres
180 silly vacuum-fs purging /home/bhavya/Main/Work/WebD/Coding-Blocks/Assignment Tools/node_modules/postgres
181 silly vacuum-fs purging /home/bhavya/Main/Work/WebD/Coding-Blocks/Assignment Tools/node_modules/postgres
182 silly vacuum-fs purging /home/bhavya/Main/Work/WebD/Coding-Blocks/Assignment Tools/node_modules/postgres
183 silly vacuum-fs purging /home/bhavya/Main/Work/WebD/Coding-Blocks/Assignment Tools/node_modules/postgres
184 silly vacuum-fs purging /home/bhavya/Main/Work/WebD/Coding-Blocks/Assignment Tools/node_modules/postgres
185 silly vacuum-fs quitting because other entries in /home/bhavya/Main/Work/WebD/Coding-Blocks/Assignment Tools/node_modules
186 silly vacuum-fs quitting because other entries in /home/bhavya/Main/Work/WebD/Coding-Blocks/Assignment Tools/node_modules
187 silly vacuum-fs quitting because other entries in /home/bhavya/Main/Work/WebD/Coding-Blocks/Assignment Tools/node_modules
188 silly vacuum-fs quitting because other entries in /home/bhavya/Main/Work/WebD/Coding-Blocks/Assignment Tools/node_modules
189 silly vacuum-fs quitting because other entries in /home/bhavya/Main/Work/WebD/Coding-Blocks/Assignment Tools/node_modules
190 silly vacuum-fs quitting because other entries in /home/bhavya/Main/Work/WebD/Coding-Blocks/Assignment Tools/node_modules
191 silly vacuum-fs quitting because other entries in /home/bhavya/Main/Work/WebD/Coding-Blocks/Assignment Tools/node_modules
192 silly vacuum-fs quitting because other entries in /home/bhavya/Main/Work/WebD/Coding-Blocks/Assignment Tools/node_modules
193 silly rollbackFailedOptional Finishing
194 silly runTopLevelLifecycles Finishing
195 silly install printInstalled
196 verbose stack Error: postgres@0.0.1 install: `node-waf configure build`
196 verbose stack spawn ENOENT
196 verbose stack     at ChildProcess.<anonymous> (/usr/lib/node_modules/npm/lib/utils/spawn.js:33:16)
196 verbose stack     at emitTwo (events.js:106:13)
196 verbose stack     at ChildProcess.emit (events.js:194:7)
196 verbose stack     at maybeClose (internal/child_process.js:899:16)
196 verbose stack     at Process.ChildProcess._handle.onexit (internal/child_process.js:226:5)
197 verbose pkgid postgres@0.0.1
198 verbose cwd /home/bhavya/Main/Work/WebD/Coding-Blocks/Assignment Tools
199 error Linux 4.8.0-41-generic
200 error argv "/usr/bin/nodejs" "/usr/bin/npm" "install" "postgres"
201 error node v7.7.2
202 error npm  v4.1.2
203 error file sh
204 error code ELIFECYCLE
205 error errno ENOENT
206 error syscall spawn
207 error postgres@0.0.1 install: `node-waf configure build`
207 error spawn ENOENT
208 error Failed at the postgres@0.0.1 install script 'node-waf configure build'.
208 error Make sure you have the latest version of node.js and npm installed.
208 error If you do, this is most likely a problem with the postgres package,
208 error not with npm itself.
208 error Tell the author that this fails on your system:
208 error     node-waf configure build
208 error You can get information on how to open an issue for this project with:
208 error     npm bugs postgres
208 error Or if that isn't available, you can get their info via:
208 error     npm owner ls postgres
208 error There is likely additional logging output above.
209 verbose exit [ 1, true ]
